Determining if the pthread_create exist failed with the following output:
Change Dir: /home/ariel/ClionProjects/mission3/CMakeFiles/CMakeTmp

Run Build Command:"/usr/bin/make" "cmTC_b8fb4/fast"
/usr/bin/make -f CMakeFiles/cmTC_b8fb4.dir/build.make CMakeFiles/cmTC_b8fb4.dir/build
make[1]: Entering directory '/home/ariel/ClionProjects/mission3/CMakeFiles/CMakeTmp'
Building C object CMakeFiles/cmTC_b8fb4.dir/CheckSymbolExists.c.o
/usr/bin/cc     -o CMakeFiles/cmTC_b8fb4.dir/CheckSymbolExists.c.o   -c /home/ariel/ClionProjects/mission3/CMakeFiles/CMakeTmp/CheckSymbolExists.c
Linking C executable cmTC_b8fb4
/home/ariel/clion-2016.2.3/bin/cmake/bin/cmake -E cmake_link_script CMakeFiles/cmTC_b8fb4.dir/link.txt --verbose=1
/usr/bin/cc       CMakeFiles/cmTC_b8fb4.dir/CheckSymbolExists.c.o  -o cmTC_b8fb4 -rdynamic 
CMakeFiles/cmTC_b8fb4.dir/CheckSymbolExists.c.o: In function `main':
CheckSymbolExists.c:(.text+0x16): undefined reference to `pthread_create'
collect2: error: ld returned 1 exit status
CMakeFiles/cmTC_b8fb4.dir/build.make:97: recipe for target 'cmTC_b8fb4' failed
make[1]: *** [cmTC_b8fb4] Error 1
make[1]: Leaving directory '/home/ariel/ClionProjects/mission3/CMakeFiles/CMakeTmp'
Makefile:126: recipe for target 'cmTC_b8fb4/fast' failed
make: *** [cmTC_b8fb4/fast] Error 2

File /home/ariel/ClionProjects/mission3/CMakeFiles/CMakeTmp/CheckSymbolExists.c:
/* */
#include <pthread.h>

int main(int argc, char** argv)
{
  (void)argv;
#ifndef pthread_create
  return ((int*)(&pthread_create))[argc];
#else
  (void)argc;
  return 0;
#endif
}

Determining if the function pthread_create exists in the pthreads failed with the following output:
Change Dir: /home/ariel/ClionProjects/mission3/CMakeFiles/CMakeTmp

Run Build Command:"/usr/bin/make" "cmTC_138d2/fast"
/usr/bin/make -f CMakeFiles/cmTC_138d2.dir/build.make CMakeFiles/cmTC_138d2.dir/build
make[1]: Entering directory '/home/ariel/ClionProjects/mission3/CMakeFiles/CMakeTmp'
Building C object CMakeFiles/cmTC_138d2.dir/CheckFunctionExists.c.o
/usr/bin/cc    -DCHECK_FUNCTION_EXISTS=pthread_create   -o CMakeFiles/cmTC_138d2.dir/CheckFunctionExists.c.o   -c /home/ariel/clion-2016.2.3/bin/cmake/share/cmake-3.6/Modules/CheckFunctionExists.c
Linking C executable cmTC_138d2
/home/ariel/clion-2016.2.3/bin/cmake/bin/cmake -E cmake_link_script CMakeFiles/cmTC_138d2.dir/link.txt --verbose=1
/usr/bin/cc   -DCHECK_FUNCTION_EXISTS=pthread_create    CMakeFiles/cmTC_138d2.dir/CheckFunctionExists.c.o  -o cmTC_138d2 -rdynamic -lpthreads 
/usr/bin/ld: cannot find -lpthreads
collect2: error: ld returned 1 exit status
CMakeFiles/cmTC_138d2.dir/build.make:97: recipe for target 'cmTC_138d2' failed
make[1]: *** [cmTC_138d2] Error 1
make[1]: Leaving directory '/home/ariel/ClionProjects/mission3/CMakeFiles/CMakeTmp'
Makefile:126: recipe for target 'cmTC_138d2/fast' failed
make: *** [cmTC_138d2/fast] Error 2


